info: ✔ Middlewares loaded {"timestamp":"2025-11-26T18:16:45.187Z"}
info: ✔ Database connected {"timestamp":"2025-11-26T18:16:51.213Z"}
info: ✔ Routes mounted: 1 endpoints {"timestamp":"2025-11-26T18:16:51.214Z"}
info: ✔ Server started on port 3000 {"timestamp":"2025-11-26T18:16:51.219Z"}
info: ✔ Middlewares loaded {"timestamp":"2025-11-26T18:34:22.073Z"}
info: ✔ Database connected {"timestamp":"2025-11-26T18:34:22.806Z"}
info: ✔ Routes mounted: 1 endpoints {"timestamp":"2025-11-26T18:34:22.807Z"}
info: ✔ Server started on port 3000 {"timestamp":"2025-11-26T18:34:22.810Z"}
info: ✔ Middlewares loaded {"timestamp":"2025-11-27T06:37:16.092Z"}
error: ❌ Database connection failed {"timestamp":"2025-11-27T06:37:46.215Z"}
info: ✔ Middlewares loaded {"timestamp":"2025-11-27T06:37:58.761Z"}
error: ❌ Database connection failed {"timestamp":"2025-11-27T06:38:28.876Z"}
info: ✔ Middlewares loaded {"timestamp":"2025-11-27T06:50:03.610Z"}
info: ✔ Database connected {"timestamp":"2025-11-27T06:50:04.303Z"}
info: ✔ Routes mounted: 1 endpoints {"timestamp":"2025-11-27T06:50:04.306Z"}
info: ✔ Server started on port 3000 {"timestamp":"2025-11-27T06:50:04.312Z"}
info: ✔ Middlewares loaded {"timestamp":"2025-11-27T10:25:40.260Z"}
error: ❌ Database connection failed {"timestamp":"2025-11-27T10:25:42.039Z"}
info: ✔ Middlewares loaded {"timestamp":"2025-11-27T10:29:09.571Z"}
error: ❌ Database connection failed {"timestamp":"2025-11-27T10:29:11.266Z"}
info: ✔ Middlewares loaded {"timestamp":"2025-11-27T10:38:14.199Z"}
info: ✔ Database connected {"timestamp":"2025-11-27T10:38:20.732Z"}
info: ✔ Routes mounted: 1 endpoints {"timestamp":"2025-11-27T10:38:20.733Z"}
info: ✔ Server started on port 3000 {"timestamp":"2025-11-27T10:38:20.737Z"}
info: ✔ Middlewares loaded {"timestamp":"2025-11-27T10:46:43.390Z"}
info: ✔ Database connected {"timestamp":"2025-11-27T10:46:45.810Z"}
info: ✔ Routes mounted: 1 endpoints {"timestamp":"2025-11-27T10:46:45.811Z"}
info: ✔ Server started on port 3000 {"timestamp":"2025-11-27T10:46:45.816Z"}
